[     804ms] [INFO] %cDownload the React DevTools for a better development experience: https://react.dev/link/react-devtools font-weight:bold @ http://localhost:3000/_next/static/chunks/f27f0_next_dist_0e9c33c4._.js:2297
[     947ms] [LOG] [HMR] connected @ http://localhost:3000/_next/static/chunks/f27f0_next_dist_0e9c33c4._.js:2297
[  105374ms] [LOG] [Fast Refresh] rebuilding @ http://localhost:3000/_next/static/chunks/f27f0_next_dist_0e9c33c4._.js:2297
[  105543ms] [LOG] [Fast Refresh] done in 259ms @ http://localhost:3000/_next/static/chunks/f27f0_next_dist_0e9c33c4._.js:2297
[  348216ms] [LOG] [Fast Refresh] rebuilding @ http://localhost:3000/_next/static/chunks/f27f0_next_dist_0e9c33c4._.js:2297
[  348351ms] [LOG] [Fast Refresh] done in 243ms @ http://localhost:3000/_next/static/chunks/f27f0_next_dist_0e9c33c4._.js:2297
[  667101ms] [LOG] [Fast Refresh] rebuilding @ http://localhost:3000/_next/static/chunks/f27f0_next_dist_0e9c33c4._.js:2297
[  667297ms] [LOG] [Fast Refresh] done in 311ms @ http://localhost:3000/_next/static/chunks/f27f0_next_dist_0e9c33c4._.js:2297
[ 2654267ms] [LOG] [Fast Refresh] rebuilding @ http://localhost:3000/_next/static/chunks/f27f0_next_dist_0e9c33c4._.js:2297
[ 2654359ms] [LOG] [Fast Refresh] done in 203ms @ http://localhost:3000/_next/static/chunks/f27f0_next_dist_0e9c33c4._.js:2297
[ 2663462ms] [LOG] [Fast Refresh] rebuilding @ http://localhost:3000/_next/static/chunks/f27f0_next_dist_0e9c33c4._.js:2297
[ 2663541ms] [LOG] [Fast Refresh] done in 141ms @ http://localhost:3000/_next/static/chunks/f27f0_next_dist_0e9c33c4._.js:2297
[ 2670350ms] [LOG] [Fast Refresh] rebuilding @ http://localhost:3000/_next/static/chunks/f27f0_next_dist_0e9c33c4._.js:2297
[ 2670440ms] [LOG] [Fast Refresh] done in 148ms @ http://localhost:3000/_next/static/chunks/f27f0_next_dist_0e9c33c4._.js:2297
[ 2685389ms] [LOG] [Fast Refresh] rebuilding @ http://localhost:3000/_next/static/chunks/f27f0_next_dist_0e9c33c4._.js:2297
[ 2685452ms] [LOG] [Fast Refresh] done in 167ms @ http://localhost:3000/_next/static/chunks/f27f0_next_dist_0e9c33c4._.js:2297
[ 2694524ms] [LOG] [Fast Refresh] rebuilding @ http://localhost:3000/_next/static/chunks/f27f0_next_dist_0e9c33c4._.js:2297
[ 2694612ms] [LOG] [Fast Refresh] done in 124ms @ http://localhost:3000/_next/static/chunks/f27f0_next_dist_0e9c33c4._.js:2297
[ 2711007ms] [LOG] [Fast Refresh] rebuilding @ http://localhost:3000/_next/static/chunks/f27f0_next_dist_0e9c33c4._.js:2297
[ 2711085ms] [LOG] [Fast Refresh] done in 184ms @ http://localhost:3000/_next/static/chunks/f27f0_next_dist_0e9c33c4._.js:2297
[ 2717404ms] [LOG] [Fast Refresh] rebuilding @ http://localhost:3000/_next/static/chunks/f27f0_next_dist_0e9c33c4._.js:2297
[ 2717514ms] [LOG] [Fast Refresh] done in 186ms @ http://localhost:3000/_next/static/chunks/f27f0_next_dist_0e9c33c4._.js:2297
[ 2724629ms] [LOG] [Fast Refresh] rebuilding @ http://localhost:3000/_next/static/chunks/f27f0_next_dist_0e9c33c4._.js:2297
[ 2724691ms] [LOG] [Fast Refresh] done in 166ms @ http://localhost:3000/_next/static/chunks/f27f0_next_dist_0e9c33c4._.js:2297
[ 2744904ms] [LOG] [Fast Refresh] rebuilding @ http://localhost:3000/_next/static/chunks/f27f0_next_dist_0e9c33c4._.js:2297
[ 2745012ms] [LOG] [Fast Refresh] done in 187ms @ http://localhost:3000/_next/static/chunks/f27f0_next_dist_0e9c33c4._.js:2297
[ 2764441ms] [LOG] [Fast Refresh] rebuilding @ http://localhost:3000/_next/static/chunks/f27f0_next_dist_0e9c33c4._.js:2297
[ 2764570ms] [LOG] [Fast Refresh] done in 243ms @ http://localhost:3000/_next/static/chunks/f27f0_next_dist_0e9c33c4._.js:2297
[ 2779437ms] [ERROR] WebSocket connection to 'ws://localhost:3000/_next/webpack-hmr?id=NjkGlfq0JcnCt-ZdYoOXm' failed: Error in connection establishment: net::ERR_CONNECTION_REFUSED @ http://localhost:3000/_next/static/chunks/f27f0_next_dist_client_76db91da._.js:10878
[ 2782792ms] [ERROR] WebSocket connection to 'ws://localhost:3000/_next/webpack-hmr?id=NjkGlfq0JcnCt-ZdYoOXm' failed: Error in connection establishment: net::ERR_CONNECTION_REFUSED @ http://localhost:3000/_next/static/chunks/f27f0_next_dist_client_76db91da._.js:10878
[ 2786136ms] [ERROR] WebSocket connection to 'ws://localhost:3000/_next/webpack-hmr?id=NjkGlfq0JcnCt-ZdYoOXm' failed: Error in connection establishment: net::ERR_CONNECTION_REFUSED @ http://localhost:3000/_next/static/chunks/f27f0_next_dist_client_76db91da._.js:10878
[ 2789495ms] [ERROR] WebSocket connection to 'ws://localhost:3000/_next/webpack-hmr?id=NjkGlfq0JcnCt-ZdYoOXm' failed: Error in connection establishment: net::ERR_CONNECTION_REFUSED @ http://localhost:3000/_next/static/chunks/f27f0_next_dist_client_76db91da._.js:10878
[ 2792846ms] [ERROR] WebSocket connection to 'ws://localhost:3000/_next/webpack-hmr?id=NjkGlfq0JcnCt-ZdYoOXm' failed: Error in connection establishment: net::ERR_CONNECTION_REFUSED @ http://localhost:3000/_next/static/chunks/f27f0_next_dist_client_76db91da._.js:10878
[ 2800191ms] [ERROR] WebSocket connection to 'ws://localhost:3000/_next/webpack-hmr?id=NjkGlfq0JcnCt-ZdYoOXm' failed: Error in connection establishment: net::ERR_CONNECTION_REFUSED @ http://localhost:3000/_next/static/chunks/f27f0_next_dist_client_76db91da._.js:10878
[ 2807555ms] [ERROR] WebSocket connection to 'ws://localhost:3000/_next/webpack-hmr?id=NjkGlfq0JcnCt-ZdYoOXm' failed: Error in connection establishment: net::ERR_CONNECTION_REFUSED @ http://localhost:3000/_next/static/chunks/f27f0_next_dist_client_76db91da._.js:10878
[ 2814912ms] [ERROR] WebSocket connection to 'ws://localhost:3000/_next/webpack-hmr?id=NjkGlfq0JcnCt-ZdYoOXm' failed: Error in connection establishment: net::ERR_CONNECTION_REFUSED @ http://localhost:3000/_next/static/chunks/f27f0_next_dist_client_76db91da._.js:10878
[ 2822272ms] [ERROR] WebSocket connection to 'ws://localhost:3000/_next/webpack-hmr?id=NjkGlfq0JcnCt-ZdYoOXm' failed: Error in connection establishment: net::ERR_CONNECTION_REFUSED @ http://localhost:3000/_next/static/chunks/f27f0_next_dist_client_76db91da._.js:10878
[ 2829638ms] [ERROR] WebSocket connection to 'ws://localhost:3000/_next/webpack-hmr?id=NjkGlfq0JcnCt-ZdYoOXm' failed: Error in connection establishment: net::ERR_CONNECTION_REFUSED @ http://localhost:3000/_next/static/chunks/f27f0_next_dist_client_76db91da._.js:10878
[ 2837048ms] [ERROR] WebSocket connection to 'ws://localhost:3000/_next/webpack-hmr?id=NjkGlfq0JcnCt-ZdYoOXm' failed: Error in connection establishment: net::ERR_CONNECTION_REFUSED @ http://localhost:3000/_next/static/chunks/f27f0_next_dist_client_76db91da._.js:10878
[ 2844517ms] [ERROR] WebSocket connection to 'ws://localhost:3000/_next/webpack-hmr?id=NjkGlfq0JcnCt-ZdYoOXm' failed: Error in connection establishment: net::ERR_CONNECTION_REFUSED @ http://localhost:3000/_next/static/chunks/f27f0_next_dist_client_76db91da._.js:10878
[ 7459749ms] [INFO] %cDownload the React DevTools for a better development experience: https://react.dev/link/react-devtools font-weight:bold @ http://localhost:3000/_next/static/chunks/f27f0_next_dist_0e9c33c4._.js:2297
[ 7459857ms] [LOG] [HMR] connected @ http://localhost:3000/_next/static/chunks/f27f0_next_dist_0e9c33c4._.js:2297
[ 7534266ms] [LOG] [Fast Refresh] rebuilding @ http://localhost:3000/_next/static/chunks/f27f0_next_dist_0e9c33c4._.js:2297
[ 7535318ms] [LOG] [Fast Refresh] done in 1139ms @ http://localhost:3000/_next/static/chunks/f27f0_next_dist_0e9c33c4._.js:2297
[ 7661052ms] [LOG] [Fast Refresh] rebuilding @ http://localhost:3000/_next/static/chunks/f27f0_next_dist_0e9c33c4._.js:2297
[ 7661534ms] [LOG] [Fast Refresh] done in 592ms @ http://localhost:3000/_next/static/chunks/f27f0_next_dist_0e9c33c4._.js:2297
[ 7844770ms] [LOG] [Fast Refresh] rebuilding @ http://localhost:3000/_next/static/chunks/f27f0_next_dist_0e9c33c4._.js:2297
[ 7844895ms] [LOG] [Fast Refresh] done in 212ms @ http://localhost:3000/_next/static/chunks/f27f0_next_dist_0e9c33c4._.js:2297
[ 7867295ms] [LOG] [Fast Refresh] rebuilding @ http://localhost:3000/_next/static/chunks/f27f0_next_dist_0e9c33c4._.js:2297
[ 7867435ms] [LOG] [Fast Refresh] done in 232ms @ http://localhost:3000/_next/static/chunks/f27f0_next_dist_0e9c33c4._.js:2297
[ 7881987ms] [LOG] [Fast Refresh] rebuilding @ http://localhost:3000/_next/static/chunks/f27f0_next_dist_0e9c33c4._.js:2297
[ 7882250ms] [LOG] [Fast Refresh] done in 364ms @ http://localhost:3000/_next/static/chunks/f27f0_next_dist_0e9c33c4._.js:2297
[ 8004532ms] [LOG] [Fast Refresh] rebuilding @ http://localhost:3000/_next/static/chunks/f27f0_next_dist_0e9c33c4._.js:2297
[ 8004752ms] [LOG] [Fast Refresh] done in 285ms @ http://localhost:3000/_next/static/chunks/f27f0_next_dist_0e9c33c4._.js:2297
[ 8021898ms] [LOG] [Fast Refresh] rebuilding @ http://localhost:3000/_next/static/chunks/f27f0_next_dist_0e9c33c4._.js:2297
[ 8022024ms] [LOG] [Fast Refresh] done in 217ms @ http://localhost:3000/_next/static/chunks/f27f0_next_dist_0e9c33c4._.js:2297
[ 8022536ms] [LOG] [Fast Refresh] rebuilding @ http://localhost:3000/_next/static/chunks/f27f0_next_dist_0e9c33c4._.js:2297
[ 8022550ms] [LOG] [Fast Refresh] done in 124ms @ http://localhost:3000/_next/static/chunks/f27f0_next_dist_0e9c33c4._.js:2297
